[2025-08-18 20:43:44,850] [nvidia-orchestrator] Initializing ContainerManager
[2025-08-18 20:43:44,875] [nvidia-orchestrator] Docker client initialized successfully
[2025-08-18 20:43:44,875] [nvidia-orchestrator] Initializing PostgresStore with DSN: 127.0.0.1:5432/orchestrator
[2025-08-18 20:43:54,923] [nvidia-orchestrator] PostgreSQL connection attempt 1/3 failed: connection timeout expired
[2025-08-18 20:43:54,923] [nvidia-orchestrator] Retrying in 2 seconds...
[2025-08-18 20:44:07,044] [nvidia-orchestrator] PostgreSQL connection attempt 2/3 failed: connection timeout expired
[2025-08-18 20:44:07,044] [nvidia-orchestrator] Retrying in 2 seconds...
[2025-08-18 20:44:19,080] [nvidia-orchestrator] PostgreSQL connection attempt 3/3 failed: connection timeout expired
[2025-08-18 20:44:19,096] [nvidia-orchestrator] Failed to initialize PostgresStore after 3 attempts: connection timeout expired
[2025-08-18 20:44:19,097] [nvidia-orchestrator] PostgreSQL store disabled - events will not be persisted
[2025-08-19 01:29:02,481] [nvidia-orchestrator] Initializing ContainerManager
[2025-08-19 01:29:02,546] [nvidia-orchestrator] Docker client initialized successfully
[2025-08-19 01:29:02,547] [nvidia-orchestrator] Initializing PostgresStore with DSN: 127.0.0.1:5432/orchestrator
[2025-08-19 01:29:12,585] [nvidia-orchestrator] PostgreSQL connection attempt 1/3 failed: connection timeout expired
[2025-08-19 01:29:12,585] [nvidia-orchestrator] Retrying in 2 seconds...
[2025-08-19 01:29:24,617] [nvidia-orchestrator] PostgreSQL connection attempt 2/3 failed: connection timeout expired
[2025-08-19 01:29:24,617] [nvidia-orchestrator] Retrying in 2 seconds...
[2025-08-19 01:29:36,647] [nvidia-orchestrator] PostgreSQL connection attempt 3/3 failed: connection timeout expired
[2025-08-19 01:29:36,648] [nvidia-orchestrator] Failed to initialize PostgresStore after 3 attempts: connection timeout expired
[2025-08-19 01:29:36,649] [nvidia-orchestrator] PostgreSQL store disabled - events will not be persisted
[2025-08-19 01:29:38,320] [nvidia-orchestrator] Initializing ContainerManager
[2025-08-19 01:29:38,334] [nvidia-orchestrator] Docker client initialized successfully
[2025-08-19 01:29:38,334] [nvidia-orchestrator] Initializing PostgresStore with DSN: 127.0.0.1:5432/orchestrator
[2025-08-19 01:29:48,348] [nvidia-orchestrator] PostgreSQL connection attempt 1/3 failed: connection timeout expired
[2025-08-19 01:29:48,349] [nvidia-orchestrator] Retrying in 2 seconds...
[2025-08-19 10:06:16,242] [nvidia-orchestrator] Initializing ContainerManager
[2025-08-19 10:06:16,269] [nvidia-orchestrator] Docker client initialized successfully
[2025-08-19 10:06:16,269] [nvidia-orchestrator] Initializing PostgresStore with DSN: 127.0.0.1:5432/orchestrator
[2025-08-19 10:06:26,313] [nvidia-orchestrator] PostgreSQL connection attempt 1/3 failed: connection timeout expired
[2025-08-19 10:06:26,313] [nvidia-orchestrator] Retrying in 2 seconds...
[2025-08-19 10:06:47,020] [nvidia-orchestrator] Initializing ContainerManager
[2025-08-19 10:06:47,047] [nvidia-orchestrator] Docker client initialized successfully
[2025-08-19 10:06:47,047] [nvidia-orchestrator] Initializing PostgresStore with DSN: 127.0.0.1:5432/orchestrator
[2025-08-19 10:06:57,093] [nvidia-orchestrator] PostgreSQL connection attempt 1/3 failed: connection timeout expired
[2025-08-19 10:06:57,093] [nvidia-orchestrator] Retrying in 2 seconds...
[2025-08-19 10:07:09,131] [nvidia-orchestrator] PostgreSQL connection attempt 2/3 failed: connection timeout expired
[2025-08-19 10:07:09,132] [nvidia-orchestrator] Retrying in 2 seconds...
[2025-08-19 10:07:21,226] [nvidia-orchestrator] PostgreSQL connection attempt 3/3 failed: connection timeout expired
[2025-08-19 10:07:21,226] [nvidia-orchestrator] Failed to initialize PostgresStore after 3 attempts: connection timeout expired
[2025-08-19 10:07:21,226] [nvidia-orchestrator] PostgreSQL store disabled - events will not be persisted
[2025-08-19 10:07:21,226] [nvidia-orchestrator] Initializing PostgresStore with DSN: 127.0.0.1:5432/orchestrator
[2025-08-19 10:07:31,292] [nvidia-orchestrator] PostgreSQL connection attempt 1/3 failed: connection timeout expired
[2025-08-19 10:07:31,292] [nvidia-orchestrator] Retrying in 2 seconds...
[2025-08-19 10:07:43,339] [nvidia-orchestrator] PostgreSQL connection attempt 2/3 failed: connection timeout expired
[2025-08-19 10:07:43,339] [nvidia-orchestrator] Retrying in 2 seconds...
[2025-08-19 10:07:55,358] [nvidia-orchestrator] PostgreSQL connection attempt 3/3 failed: connection timeout expired
[2025-08-19 10:07:55,358] [nvidia-orchestrator] Failed to initialize PostgresStore after 3 attempts: connection timeout expired
[2025-08-19 10:07:55,358] [nvidia-orchestrator] Health monitor starting: interval=60s, retention_days=7, store.enabled=False
[2025-08-19 10:07:55,358] [nvidia-orchestrator] PostgresStore disabled; skipping snapshot
[2025-08-19 10:08:55,375] [nvidia-orchestrator] PostgresStore disabled; skipping snapshot
